<?xml version="1.0" encoding="UTF-8"?>
<!-- Generated by org.testng.reporters.JUnitReportReporter -->
<testsuite hostname="DESKTOP-89MCHFM" failures="0" tests="1" name="Log4jExa" time="0.150" errors="0" timestamp="2022-08-23T11:08:44 IST" skipped="0">
  <testcase classname="Log4jExa" name="setu" time="0.150"/>
  <system-out/>
</testsuite> <!-- Log4jExa -->
