<?xml version="1.0" encoding="UTF-8"?>
<!-- Generated by org.testng.reporters.JUnitReportReporter -->
<testsuite hostname="DESKTOP-89MCHFM" failures="0" tests="1" name="LosExa" time="0.142" errors="0" timestamp="2022-08-18T14:45:27 IST" skipped="0">
  <testcase classname="LosExa" name="setu" time="0.142"/>
  <system-out/>
</testsuite> <!-- LosExa -->
